mode: set
github.com/j33pguy/magi/internal/db/client.go:35.40,37.23 2 1
github.com/j33pguy/magi/internal/db/client.go:37.23,40.3 2 1
github.com/j33pguy/magi/internal/db/client.go:42.2,43.51 2 1
github.com/j33pguy/magi/internal/db/client.go:43.51,44.56 1 1
github.com/j33pguy/magi/internal/db/client.go:44.56,46.4 1 1
github.com/j33pguy/magi/internal/db/client.go:49.2,54.3 1 1
github.com/j33pguy/magi/internal/db/client.go:58.82,60.74 1 1
github.com/j33pguy/magi/internal/db/client.go:60.74,62.3 1 0
github.com/j33pguy/magi/internal/db/client.go:64.2,70.16 2 1
github.com/j33pguy/magi/internal/db/client.go:70.16,72.3 1 1
github.com/j33pguy/magi/internal/db/client.go:74.2,85.34 6 0
github.com/j33pguy/magi/internal/db/client.go:85.34,88.3 2 0
github.com/j33pguy/magi/internal/db/client.go:90.2,94.8 1 0
github.com/j33pguy/magi/internal/db/client.go:99.36,100.24 1 1
github.com/j33pguy/magi/internal/db/client.go:100.24,102.3 1 1
github.com/j33pguy/magi/internal/db/client.go:103.2,104.16 2 0
github.com/j33pguy/magi/internal/db/client.go:104.16,106.3 1 0
github.com/j33pguy/magi/internal/db/client.go:107.2,108.12 2 0
github.com/j33pguy/magi/internal/db/client.go:112.37,113.37 1 1
github.com/j33pguy/magi/internal/db/client.go:113.37,115.3 1 0
github.com/j33pguy/magi/internal/db/client.go:116.2,116.24 1 1
github.com/j33pguy/magi/internal/db/client.go:116.24,117.45 1 0
github.com/j33pguy/magi/internal/db/client.go:117.45,119.4 1 0
github.com/j33pguy/magi/internal/db/client.go:121.2,121.12 1 1
github.com/j33pguy/magi/internal/db/factory.go:26.30,30.23 3 1
github.com/j33pguy/magi/internal/db/factory.go:30.23,32.3 1 1
github.com/j33pguy/magi/internal/db/factory.go:34.2,35.51 2 1
github.com/j33pguy/magi/internal/db/factory.go:35.51,36.56 1 1
github.com/j33pguy/magi/internal/db/factory.go:36.56,38.4 1 1
github.com/j33pguy/magi/internal/db/factory.go:41.2,42.22 2 1
github.com/j33pguy/magi/internal/db/factory.go:42.22,44.3 1 1
github.com/j33pguy/magi/internal/db/factory.go:46.2,53.3 1 1
github.com/j33pguy/magi/internal/db/factory.go:57.66,58.21 1 1
github.com/j33pguy/magi/internal/db/factory.go:59.19,65.13 1 1
github.com/j33pguy/magi/internal/db/factory.go:66.16,68.17 2 1
github.com/j33pguy/magi/internal/db/factory.go:68.17,70.4 1 1
github.com/j33pguy/magi/internal/db/factory.go:71.3,71.28 1 1
github.com/j33pguy/magi/internal/db/factory.go:72.10,73.69 1 1
github.com/j33pguy/magi/internal/db/links.go:22.129,25.10 3 1
github.com/j33pguy/magi/internal/db/links.go:25.10,27.3 1 1
github.com/j33pguy/magi/internal/db/links.go:29.2,35.16 3 1
github.com/j33pguy/magi/internal/db/links.go:35.16,37.3 1 1
github.com/j33pguy/magi/internal/db/links.go:39.2,47.8 1 1
github.com/j33pguy/magi/internal/db/links.go:52.106,56.19 3 1
github.com/j33pguy/magi/internal/db/links.go:57.14,59.25 2 1
github.com/j33pguy/magi/internal/db/links.go:60.12,62.25 2 1
github.com/j33pguy/magi/internal/db/links.go:63.10,65.35 2 1
github.com/j33pguy/magi/internal/db/links.go:68.2,69.16 2 1
github.com/j33pguy/magi/internal/db/links.go:69.16,71.3 1 1
github.com/j33pguy/magi/internal/db/links.go:72.2,74.24 2 1
github.com/j33pguy/magi/internal/db/links.go:78.71,80.16 2 1
github.com/j33pguy/magi/internal/db/links.go:80.16,82.3 1 1
github.com/j33pguy/magi/internal/db/links.go:83.2,84.16 2 1
github.com/j33pguy/magi/internal/db/links.go:84.16,86.3 1 0
github.com/j33pguy/magi/internal/db/links.go:87.2,87.12 1 1
github.com/j33pguy/magi/internal/db/links.go:87.12,89.3 1 1
github.com/j33pguy/magi/internal/db/links.go:90.2,90.12 1 1
github.com/j33pguy/magi/internal/db/links.go:95.101,96.19 1 1
github.com/j33pguy/magi/internal/db/links.go:96.19,98.3 1 1
github.com/j33pguy/magi/internal/db/links.go:100.2,103.65 3 1
github.com/j33pguy/magi/internal/db/links.go:103.65,105.35 2 1
github.com/j33pguy/magi/internal/db/links.go:105.35,107.18 2 1
github.com/j33pguy/magi/internal/db/links.go:107.18,109.5 1 1
github.com/j33pguy/magi/internal/db/links.go:110.4,110.31 1 1
github.com/j33pguy/magi/internal/db/links.go:110.31,112.27 2 1
github.com/j33pguy/magi/internal/db/links.go:112.27,114.6 1 1
github.com/j33pguy/magi/internal/db/links.go:115.5,115.27 1 1
github.com/j33pguy/magi/internal/db/links.go:115.27,118.6 2 1
github.com/j33pguy/magi/internal/db/links.go:121.3,121.26 1 1
github.com/j33pguy/magi/internal/db/links.go:125.2,126.26 2 1
github.com/j33pguy/magi/internal/db/links.go:126.26,127.20 1 1
github.com/j33pguy/magi/internal/db/links.go:127.20,129.4 1 1
github.com/j33pguy/magi/internal/db/links.go:131.2,131.20 1 1
github.com/j33pguy/magi/internal/db/links.go:136.96,155.16 2 1
github.com/j33pguy/magi/internal/db/links.go:155.16,157.3 1 1
github.com/j33pguy/magi/internal/db/links.go:158.2,162.18 4 1
github.com/j33pguy/magi/internal/db/links.go:162.18,171.17 4 1
github.com/j33pguy/magi/internal/db/links.go:171.17,173.4 1 0
github.com/j33pguy/magi/internal/db/links.go:174.3,181.21 8 1
github.com/j33pguy/magi/internal/db/links.go:181.21,183.4 1 0
github.com/j33pguy/magi/internal/db/links.go:184.3,186.33 3 1
github.com/j33pguy/magi/internal/db/links.go:188.2,190.24 2 1
github.com/j33pguy/magi/internal/db/links.go:190.24,192.3 1 1
github.com/j33pguy/magi/internal/db/links.go:195.2,199.16 2 1
github.com/j33pguy/magi/internal/db/links.go:199.16,201.3 1 0
github.com/j33pguy/magi/internal/db/links.go:202.2,205.16 3 1
github.com/j33pguy/magi/internal/db/links.go:205.16,207.3 1 0
github.com/j33pguy/magi/internal/db/links.go:210.2,211.29 2 1
github.com/j33pguy/magi/internal/db/links.go:211.29,212.43 1 1
github.com/j33pguy/magi/internal/db/links.go:212.43,214.4 1 1
github.com/j33pguy/magi/internal/db/links.go:217.2,217.29 1 1
github.com/j33pguy/magi/internal/db/links.go:220.55,222.18 2 1
github.com/j33pguy/magi/internal/db/links.go:222.18,225.110 3 1
github.com/j33pguy/magi/internal/db/links.go:225.110,227.4 1 1
github.com/j33pguy/magi/internal/db/links.go:228.3,229.27 2 1
github.com/j33pguy/magi/internal/db/links.go:231.2,231.19 1 1
github.com/j33pguy/magi/internal/db/memory.go:87.57,92.22 4 1
github.com/j33pguy/magi/internal/db/memory.go:92.22,94.3 1 1
github.com/j33pguy/magi/internal/db/memory.go:96.2,118.16 2 1
github.com/j33pguy/magi/internal/db/memory.go:118.16,120.3 1 1
github.com/j33pguy/magi/internal/db/memory.go:122.2,125.15 4 1
github.com/j33pguy/magi/internal/db/memory.go:129.56,143.16 4 1
github.com/j33pguy/magi/internal/db/memory.go:143.16,145.3 1 1
github.com/j33pguy/magi/internal/db/memory.go:147.2,154.16 7 1
github.com/j33pguy/magi/internal/db/memory.go:154.16,156.3 1 1
github.com/j33pguy/magi/internal/db/memory.go:157.2,159.15 2 1
github.com/j33pguy/magi/internal/db/memory.go:163.48,166.24 2 1
github.com/j33pguy/magi/internal/db/memory.go:166.24,176.3 2 1
github.com/j33pguy/magi/internal/db/memory.go:178.2,185.12 2 1
github.com/j33pguy/magi/internal/db/memory.go:189.49,193.2 3 1
github.com/j33pguy/magi/internal/db/memory.go:196.48,199.2 2 1
github.com/j33pguy/magi/internal/db/memory.go:202.72,211.23 7 1
github.com/j33pguy/magi/internal/db/memory.go:211.23,214.3 2 1
github.com/j33pguy/magi/internal/db/memory.go:215.2,215.26 1 1
github.com/j33pguy/magi/internal/db/memory.go:215.26,217.35 2 1
github.com/j33pguy/magi/internal/db/memory.go:217.35,220.4 2 1
github.com/j33pguy/magi/internal/db/memory.go:221.3,224.5 1 1
github.com/j33pguy/magi/internal/db/memory.go:226.2,229.16 3 1
github.com/j33pguy/magi/internal/db/memory.go:229.16,231.3 1 1
github.com/j33pguy/magi/internal/db/memory.go:233.2,246.16 4 1
github.com/j33pguy/magi/internal/db/memory.go:246.16,248.3 1 1
github.com/j33pguy/magi/internal/db/memory.go:249.2,251.27 2 1
github.com/j33pguy/magi/internal/db/memory.go:255.111,264.19 5 1
github.com/j33pguy/magi/internal/db/memory.go:264.19,268.24 4 1
github.com/j33pguy/magi/internal/db/memory.go:268.24,271.4 2 1
github.com/j33pguy/magi/internal/db/memory.go:272.3,272.27 1 1
github.com/j33pguy/magi/internal/db/memory.go:272.27,274.36 2 1
github.com/j33pguy/magi/internal/db/memory.go:274.36,277.5 2 1
github.com/j33pguy/magi/internal/db/memory.go:278.4,281.6 1 1
github.com/j33pguy/magi/internal/db/memory.go:283.3,283.56 1 1
github.com/j33pguy/magi/internal/db/memory.go:286.2,286.15 1 1
github.com/j33pguy/magi/internal/db/memory.go:286.15,288.3 1 1
github.com/j33pguy/magi/internal/db/memory.go:289.2,303.16 4 1
github.com/j33pguy/magi/internal/db/memory.go:303.16,305.3 1 1
github.com/j33pguy/magi/internal/db/memory.go:306.2,309.18 3 1
github.com/j33pguy/magi/internal/db/memory.go:309.18,320.17 4 1
github.com/j33pguy/magi/internal/db/memory.go:320.17,322.4 1 1
github.com/j33pguy/magi/internal/db/memory.go:324.3,330.74 6 1
github.com/j33pguy/magi/internal/db/memory.go:334.2,334.28 1 1
github.com/j33pguy/magi/internal/db/memory.go:334.28,336.17 2 1
github.com/j33pguy/magi/internal/db/memory.go:336.17,338.4 1 1
github.com/j33pguy/magi/internal/db/memory.go:339.3,339.23 1 1
github.com/j33pguy/magi/internal/db/memory.go:342.2,342.21 1 1
github.com/j33pguy/magi/internal/db/memory.go:345.54,347.18 2 1
github.com/j33pguy/magi/internal/db/memory.go:347.18,356.17 3 1
github.com/j33pguy/magi/internal/db/memory.go:356.17,358.4 1 1
github.com/j33pguy/magi/internal/db/memory.go:360.3,366.33 6 1
github.com/j33pguy/magi/internal/db/memory.go:368.2,368.22 1 1
github.com/j33pguy/magi/internal/db/memory.go:373.86,374.26 1 1
github.com/j33pguy/magi/internal/db/memory.go:374.26,377.3 2 1
github.com/j33pguy/magi/internal/db/memory.go:377.8,377.37 1 1
github.com/j33pguy/magi/internal/db/memory.go:377.37,379.37 2 1
github.com/j33pguy/magi/internal/db/memory.go:379.37,382.4 2 1
github.com/j33pguy/magi/internal/db/memory.go:383.3,383.103 1 1
github.com/j33pguy/magi/internal/db/memory.go:388.88,389.26 1 1
github.com/j33pguy/magi/internal/db/memory.go:389.26,392.3 2 1
github.com/j33pguy/magi/internal/db/memory.go:393.2,393.23 1 1
github.com/j33pguy/magi/internal/db/memory.go:393.23,396.3 2 1
github.com/j33pguy/magi/internal/db/memory.go:397.2,397.26 1 1
github.com/j33pguy/magi/internal/db/memory.go:397.26,400.3 2 1
github.com/j33pguy/magi/internal/db/memory.go:404.84,405.29 1 1
github.com/j33pguy/magi/internal/db/memory.go:405.29,408.3 2 1
github.com/j33pguy/magi/internal/db/memory.go:409.2,409.30 1 1
github.com/j33pguy/magi/internal/db/memory.go:409.30,412.3 2 1
github.com/j33pguy/magi/internal/db/memory.go:416.89,417.32 1 1
github.com/j33pguy/magi/internal/db/memory.go:417.32,419.3 1 1
github.com/j33pguy/magi/internal/db/memory.go:420.2,420.29 1 1
github.com/j33pguy/magi/internal/db/memory.go:420.29,423.3 2 1
github.com/j33pguy/magi/internal/db/memory.go:423.8,425.3 1 1
github.com/j33pguy/magi/internal/db/memory.go:430.108,438.19 6 1
github.com/j33pguy/magi/internal/db/memory.go:438.19,442.24 4 1
github.com/j33pguy/magi/internal/db/memory.go:442.24,445.4 2 1
github.com/j33pguy/magi/internal/db/memory.go:446.3,446.56 1 1
github.com/j33pguy/magi/internal/db/memory.go:449.2,449.15 1 1
github.com/j33pguy/magi/internal/db/memory.go:449.15,451.3 1 1
github.com/j33pguy/magi/internal/db/memory.go:452.2,467.16 4 1
github.com/j33pguy/magi/internal/db/memory.go:467.16,469.3 1 1
github.com/j33pguy/magi/internal/db/memory.go:470.2,473.18 3 1
github.com/j33pguy/magi/internal/db/memory.go:473.18,484.17 4 1
github.com/j33pguy/magi/internal/db/memory.go:484.17,486.4 1 0
github.com/j33pguy/magi/internal/db/memory.go:488.3,495.72 6 1
github.com/j33pguy/magi/internal/db/memory.go:498.2,498.28 1 1
github.com/j33pguy/magi/internal/db/memory.go:498.28,500.17 2 1
github.com/j33pguy/magi/internal/db/memory.go:500.17,502.4 1 1
github.com/j33pguy/magi/internal/db/memory.go:503.3,503.23 1 1
github.com/j33pguy/magi/internal/db/memory.go:506.2,506.21 1 1
github.com/j33pguy/magi/internal/db/memory.go:512.123,513.15 1 1
github.com/j33pguy/magi/internal/db/memory.go:513.15,515.3 1 1
github.com/j33pguy/magi/internal/db/memory.go:516.2,519.16 3 1
github.com/j33pguy/magi/internal/db/memory.go:519.16,521.3 1 1
github.com/j33pguy/magi/internal/db/memory.go:523.2,524.16 2 1
github.com/j33pguy/magi/internal/db/memory.go:524.16,526.3 1 1
github.com/j33pguy/magi/internal/db/memory.go:529.2,539.34 4 1
github.com/j33pguy/magi/internal/db/memory.go:539.34,543.3 3 1
github.com/j33pguy/magi/internal/db/memory.go:545.2,545.35 1 1
github.com/j33pguy/magi/internal/db/memory.go:545.35,546.39 1 1
github.com/j33pguy/magi/internal/db/memory.go:546.39,549.4 2 1
github.com/j33pguy/magi/internal/db/memory.go:549.9,555.4 1 1
github.com/j33pguy/magi/internal/db/memory.go:559.2,563.27 3 1
github.com/j33pguy/magi/internal/db/memory.go:563.27,565.84 2 1
github.com/j33pguy/magi/internal/db/memory.go:565.84,567.4 1 1
github.com/j33pguy/magi/internal/db/memory.go:568.3,575.5 1 1
github.com/j33pguy/magi/internal/db/memory.go:578.2,578.36 1 1
github.com/j33pguy/magi/internal/db/memory.go:578.36,579.73 1 1
github.com/j33pguy/magi/internal/db/memory.go:579.73,581.4 1 1
github.com/j33pguy/magi/internal/db/memory.go:583.2,583.25 1 1
github.com/j33pguy/magi/internal/db/memory.go:583.25,585.3 1 1
github.com/j33pguy/magi/internal/db/memory.go:587.2,587.21 1 1
github.com/j33pguy/magi/internal/db/memory.go:591.42,592.14 1 1
github.com/j33pguy/magi/internal/db/memory.go:592.14,594.3 1 1
github.com/j33pguy/magi/internal/db/memory.go:595.2,596.22 2 1
github.com/j33pguy/magi/internal/db/memory.go:596.22,598.3 1 1
github.com/j33pguy/magi/internal/db/memory.go:599.2,599.12 1 1
github.com/j33pguy/magi/internal/db/memory.go:611.47,613.40 2 1
github.com/j33pguy/magi/internal/db/memory.go:613.40,614.34 1 1
github.com/j33pguy/magi/internal/db/memory.go:614.34,616.4 1 1
github.com/j33pguy/magi/internal/db/memory.go:618.2,618.14 1 1
github.com/j33pguy/magi/internal/db/memory.go:623.83,624.16 1 1
github.com/j33pguy/magi/internal/db/memory.go:624.16,626.3 1 1
github.com/j33pguy/magi/internal/db/memory.go:628.2,635.19 6 1
github.com/j33pguy/magi/internal/db/memory.go:635.19,638.3 2 1
github.com/j33pguy/magi/internal/db/memory.go:640.2,653.16 4 1
github.com/j33pguy/magi/internal/db/memory.go:653.16,655.3 1 1
github.com/j33pguy/magi/internal/db/memory.go:656.2,658.27 2 1
github.com/j33pguy/magi/internal/db/memory.go:663.95,684.26 5 1
github.com/j33pguy/magi/internal/db/memory.go:684.26,686.3 1 1
github.com/j33pguy/magi/internal/db/memory.go:687.2,687.16 1 1
github.com/j33pguy/magi/internal/db/memory.go:687.16,689.3 1 1
github.com/j33pguy/magi/internal/db/memory.go:691.2,691.28 1 1
github.com/j33pguy/magi/internal/db/memory.go:691.28,693.3 1 1
github.com/j33pguy/magi/internal/db/memory.go:695.2,702.16 7 1
github.com/j33pguy/magi/internal/db/memory.go:702.16,704.3 1 1
github.com/j33pguy/magi/internal/db/memory.go:705.2,707.59 2 1
github.com/j33pguy/magi/internal/db/memory.go:710.42,711.13 1 1
github.com/j33pguy/magi/internal/db/memory.go:711.13,713.3 1 1
github.com/j33pguy/magi/internal/db/memory.go:714.2,714.47 1 1
github.com/j33pguy/magi/internal/db/schema.go:14.34,17.2 2 1
github.com/j33pguy/magi/internal/db/schema.go:19.30,20.44 1 1
github.com/j33pguy/magi/internal/db/schema.go:20.44,22.3 1 1
github.com/j33pguy/magi/internal/db/schema.go:24.2,37.31 2 1
github.com/j33pguy/magi/internal/db/schema.go:37.31,39.17 2 1
github.com/j33pguy/magi/internal/db/schema.go:39.17,41.4 1 1
github.com/j33pguy/magi/internal/db/schema.go:42.3,42.14 1 1
github.com/j33pguy/magi/internal/db/schema.go:42.14,43.12 1 1
github.com/j33pguy/magi/internal/db/schema.go:46.3,46.44 1 1
github.com/j33pguy/magi/internal/db/schema.go:46.44,48.4 1 1
github.com/j33pguy/magi/internal/db/schema.go:50.3,50.50 1 1
github.com/j33pguy/magi/internal/db/schema.go:50.50,52.4 1 1
github.com/j33pguy/magi/internal/db/schema.go:54.3,54.66 1 1
github.com/j33pguy/magi/internal/db/schema.go:57.2,57.12 1 1
github.com/j33pguy/magi/internal/db/schema.go:65.46,67.34 2 1
github.com/j33pguy/magi/internal/db/schema.go:67.34,69.17 2 1
github.com/j33pguy/magi/internal/db/schema.go:69.17,70.12 1 0
github.com/j33pguy/magi/internal/db/schema.go:72.3,72.51 1 1
github.com/j33pguy/magi/internal/db/schema.go:72.51,74.4 1 1
github.com/j33pguy/magi/internal/db/schema.go:76.2,76.12 1 1
github.com/j33pguy/magi/internal/db/schema.go:81.36,87.32 5 1
github.com/j33pguy/magi/internal/db/schema.go:87.32,91.51 2 1
github.com/j33pguy/magi/internal/db/schema.go:91.51,93.4 1 1
github.com/j33pguy/magi/internal/db/schema.go:94.3,94.49 1 1
github.com/j33pguy/magi/internal/db/schema.go:94.49,95.17 1 1
github.com/j33pguy/magi/internal/db/schema.go:95.17,97.5 1 1
github.com/j33pguy/magi/internal/db/schema.go:100.3,100.30 1 1
github.com/j33pguy/magi/internal/db/schema.go:100.30,102.18 2 1
github.com/j33pguy/magi/internal/db/schema.go:102.18,104.5 1 1
github.com/j33pguy/magi/internal/db/schema.go:105.4,106.12 2 1
github.com/j33pguy/magi/internal/db/schema.go:108.3,108.24 1 1
github.com/j33pguy/magi/internal/db/schema.go:110.2,110.61 1 1
github.com/j33pguy/magi/internal/db/schema.go:110.61,112.3 1 1
github.com/j33pguy/magi/internal/db/schema.go:113.2,113.14 1 1
github.com/j33pguy/magi/internal/db/schema.go:116.42,124.2 2 1
github.com/j33pguy/magi/internal/db/schema.go:126.55,132.2 3 1
github.com/j33pguy/magi/internal/db/schema.go:134.49,139.2 2 1
github.com/j33pguy/magi/internal/db/sqlite.go:23.79,24.63 1 1
github.com/j33pguy/magi/internal/db/sqlite.go:24.63,26.3 1 1
github.com/j33pguy/magi/internal/db/sqlite.go:28.2,29.16 2 1
github.com/j33pguy/magi/internal/db/sqlite.go:29.16,31.3 1 0
github.com/j33pguy/magi/internal/db/sqlite.go:33.2,33.34 1 1
github.com/j33pguy/magi/internal/db/sqlite.go:33.34,36.3 2 1
github.com/j33pguy/magi/internal/db/sqlite.go:38.2,44.8 1 1
github.com/j33pguy/magi/internal/db/sqlite.go:48.38,50.2 1 1
github.com/j33pguy/magi/internal/db/sqlite.go:53.37,56.2 2 1
github.com/j33pguy/magi/internal/db/tag.go:10.69,14.26 4 1
github.com/j33pguy/magi/internal/db/tag.go:14.26,16.3 1 1
github.com/j33pguy/magi/internal/db/tag.go:17.2,17.16 1 1
github.com/j33pguy/magi/internal/db/tag.go:17.16,19.3 1 1
github.com/j33pguy/magi/internal/db/tag.go:20.2,20.16 1 1
github.com/j33pguy/magi/internal/db/tag.go:24.61,26.16 2 1
github.com/j33pguy/magi/internal/db/tag.go:26.16,28.3 1 1
github.com/j33pguy/magi/internal/db/tag.go:29.2,32.18 3 1
github.com/j33pguy/magi/internal/db/tag.go:32.18,34.41 2 1
github.com/j33pguy/magi/internal/db/tag.go:34.41,36.4 1 0
github.com/j33pguy/magi/internal/db/tag.go:37.3,37.27 1 1
github.com/j33pguy/magi/internal/db/tag.go:39.2,39.18 1 1
github.com/j33pguy/magi/internal/db/tag.go:45.64,47.16 2 1
github.com/j33pguy/magi/internal/db/tag.go:47.16,49.3 1 1
github.com/j33pguy/magi/internal/db/tag.go:50.2,52.92 2 1
github.com/j33pguy/magi/internal/db/tag.go:52.92,54.3 1 1
github.com/j33pguy/magi/internal/db/tag.go:56.2,56.20 1 1
github.com/j33pguy/magi/internal/db/tag.go:56.20,58.3 1 1
github.com/j33pguy/magi/internal/db/tag.go:61.2,63.27 3 1
github.com/j33pguy/magi/internal/db/tag.go:63.27,66.3 2 1
github.com/j33pguy/magi/internal/db/tag.go:68.2,69.51 2 1
github.com/j33pguy/magi/internal/db/tag.go:69.51,71.3 1 1
github.com/j33pguy/magi/internal/db/tag.go:73.2,73.20 1 1
github.com/j33pguy/magi/internal/vcs/config.go:20.30,26.19 4 1
github.com/j33pguy/magi/internal/vcs/config.go:26.19,28.3 1 1
github.com/j33pguy/magi/internal/vcs/config.go:30.2,31.22 2 1
github.com/j33pguy/magi/internal/vcs/config.go:31.22,33.3 1 1
github.com/j33pguy/magi/internal/vcs/config.go:35.2,36.56 2 1
github.com/j33pguy/magi/internal/vcs/config.go:36.56,37.47 1 1
github.com/j33pguy/magi/internal/vcs/config.go:37.47,39.4 1 1
github.com/j33pguy/magi/internal/vcs/config.go:42.2,47.3 1 1
github.com/j33pguy/magi/internal/vcs/git.go:46.39,48.66 1 1
github.com/j33pguy/magi/internal/vcs/git.go:48.66,49.74 1 1
github.com/j33pguy/magi/internal/vcs/git.go:49.74,51.4 1 1
github.com/j33pguy/magi/internal/vcs/git.go:55.2,56.56 2 1
github.com/j33pguy/magi/internal/vcs/git.go:56.56,57.73 1 1
github.com/j33pguy/magi/internal/vcs/git.go:57.73,59.4 1 0
github.com/j33pguy/magi/internal/vcs/git.go:63.2,64.16 2 1
github.com/j33pguy/magi/internal/vcs/git.go:64.16,66.17 2 1
github.com/j33pguy/magi/internal/vcs/git.go:66.17,68.4 1 1
github.com/j33pguy/magi/internal/vcs/git.go:71.3,72.17 2 1
github.com/j33pguy/magi/internal/vcs/git.go:72.17,74.4 1 0
github.com/j33pguy/magi/internal/vcs/git.go:75.3,75.57 1 1
github.com/j33pguy/magi/internal/vcs/git.go:75.57,77.4 1 0
github.com/j33pguy/magi/internal/vcs/git.go:78.3,80.18 1 1
github.com/j33pguy/magi/internal/vcs/git.go:80.18,82.4 1 0
github.com/j33pguy/magi/internal/vcs/git.go:85.2,92.17 2 1
github.com/j33pguy/magi/internal/vcs/git.go:92.17,96.3 3 1
github.com/j33pguy/magi/internal/vcs/git.go:98.2,98.15 1 1
github.com/j33pguy/magi/internal/vcs/git.go:103.82,108.66 4 1
github.com/j33pguy/magi/internal/vcs/git.go:108.66,110.3 1 1
github.com/j33pguy/magi/internal/vcs/git.go:111.2,111.59 1 1
github.com/j33pguy/magi/internal/vcs/git.go:111.59,113.3 1 1
github.com/j33pguy/magi/internal/vcs/git.go:115.2,116.16 2 1
github.com/j33pguy/magi/internal/vcs/git.go:116.16,118.3 1 0
github.com/j33pguy/magi/internal/vcs/git.go:119.2,119.43 1 1
github.com/j33pguy/magi/internal/vcs/git.go:119.43,121.3 1 1
github.com/j33pguy/magi/internal/vcs/git.go:123.2,123.17 1 1
github.com/j33pguy/magi/internal/vcs/git.go:123.17,126.3 2 1
github.com/j33pguy/magi/internal/vcs/git.go:128.2,131.12 2 1
github.com/j33pguy/magi/internal/vcs/git.go:135.70,140.52 4 1
github.com/j33pguy/magi/internal/vcs/git.go:140.52,142.3 1 1
github.com/j33pguy/magi/internal/vcs/git.go:143.2,143.43 1 1
github.com/j33pguy/magi/internal/vcs/git.go:143.43,145.3 1 1
github.com/j33pguy/magi/internal/vcs/git.go:147.2,148.16 2 1
github.com/j33pguy/magi/internal/vcs/git.go:148.16,150.3 1 0
github.com/j33pguy/magi/internal/vcs/git.go:151.2,151.43 1 1
github.com/j33pguy/magi/internal/vcs/git.go:151.43,153.3 1 1
github.com/j33pguy/magi/internal/vcs/git.go:155.2,155.17 1 1
github.com/j33pguy/magi/internal/vcs/git.go:155.17,158.3 2 1
github.com/j33pguy/magi/internal/vcs/git.go:160.2,163.12 2 1
github.com/j33pguy/magi/internal/vcs/git.go:167.58,175.16 4 1
github.com/j33pguy/magi/internal/vcs/git.go:175.16,177.3 1 1
github.com/j33pguy/magi/internal/vcs/git.go:178.2,181.50 3 1
github.com/j33pguy/magi/internal/vcs/git.go:181.50,188.3 2 1
github.com/j33pguy/magi/internal/vcs/git.go:189.2,189.16 1 1
github.com/j33pguy/magi/internal/vcs/git.go:189.16,191.3 1 0
github.com/j33pguy/magi/internal/vcs/git.go:193.2,193.21 1 1
github.com/j33pguy/magi/internal/vcs/git.go:197.74,202.16 4 1
github.com/j33pguy/magi/internal/vcs/git.go:202.16,204.3 1 1
github.com/j33pguy/magi/internal/vcs/git.go:206.2,207.16 2 1
github.com/j33pguy/magi/internal/vcs/git.go:207.16,209.3 1 1
github.com/j33pguy/magi/internal/vcs/git.go:211.2,215.8 1 1
github.com/j33pguy/magi/internal/vcs/git.go:219.24,220.39 1 1
github.com/j33pguy/magi/internal/vcs/git.go:220.39,223.3 2 1
github.com/j33pguy/magi/internal/vcs/git.go:227.35,229.16 2 1
github.com/j33pguy/magi/internal/vcs/git.go:229.16,231.3 1 1
github.com/j33pguy/magi/internal/vcs/git.go:232.2,232.28 1 1
github.com/j33pguy/magi/internal/vcs/git.go:232.28,233.57 1 1
github.com/j33pguy/magi/internal/vcs/git.go:233.57,235.4 1 1
github.com/j33pguy/magi/internal/vcs/git.go:237.2,237.14 1 1
github.com/j33pguy/magi/internal/vcs/git.go:241.37,243.2 1 1
github.com/j33pguy/magi/internal/vcs/git.go:246.28,251.6 4 1
github.com/j33pguy/magi/internal/vcs/git.go:251.6,252.10 1 1
github.com/j33pguy/magi/internal/vcs/git.go:253.19,254.18 1 1
github.com/j33pguy/magi/internal/vcs/git.go:255.22,257.10 2 1
github.com/j33pguy/magi/internal/vcs/git.go:262.29,266.16 3 1
github.com/j33pguy/magi/internal/vcs/git.go:266.16,268.3 1 1
github.com/j33pguy/magi/internal/vcs/git.go:270.2,271.16 2 1
github.com/j33pguy/magi/internal/vcs/git.go:271.16,273.3 1 0
github.com/j33pguy/magi/internal/vcs/git.go:275.2,278.19 2 1
github.com/j33pguy/magi/internal/vcs/git.go:282.67,284.16 2 1
github.com/j33pguy/magi/internal/vcs/git.go:284.16,286.3 1 1
github.com/j33pguy/magi/internal/vcs/git.go:288.2,289.16 2 1
github.com/j33pguy/magi/internal/vcs/git.go:289.16,291.3 1 0
github.com/j33pguy/magi/internal/vcs/git.go:293.2,294.16 2 1
github.com/j33pguy/magi/internal/vcs/git.go:294.16,296.3 1 1
github.com/j33pguy/magi/internal/vcs/git.go:298.2,299.16 2 1
github.com/j33pguy/magi/internal/vcs/git.go:299.16,301.3 1 0
github.com/j33pguy/magi/internal/vcs/git.go:303.2,303.21 1 1
github.com/j33pguy/magi/internal/vcs/git.go:306.40,312.2 1 1
github.com/j33pguy/magi/internal/vcs/git.go:315.41,316.16 1 1
github.com/j33pguy/magi/internal/vcs/git.go:316.16,318.3 1 1
github.com/j33pguy/magi/internal/vcs/git.go:320.2,328.29 6 1
github.com/j33pguy/magi/internal/vcs/git.go:328.29,330.3 1 1
github.com/j33pguy/magi/internal/vcs/git.go:332.2,333.45 2 1
github.com/j33pguy/magi/internal/vcs/git.go:333.45,334.75 1 1
github.com/j33pguy/magi/internal/vcs/git.go:334.75,338.4 3 1
github.com/j33pguy/magi/internal/vcs/git.go:338.9,338.99 1 1
github.com/j33pguy/magi/internal/vcs/git.go:338.99,341.4 2 1
github.com/j33pguy/magi/internal/vcs/git.go:341.9,344.4 2 1
github.com/j33pguy/magi/internal/vcs/git.go:347.2,347.19 1 1
github.com/j33pguy/magi/internal/vcs/git.go:350.55,351.26 1 1
github.com/j33pguy/magi/internal/vcs/git.go:351.26,352.18 1 1
github.com/j33pguy/magi/internal/vcs/git.go:352.18,354.4 1 1
github.com/j33pguy/magi/internal/vcs/git.go:356.2,356.14 1 1
github.com/j33pguy/magi/internal/vcs/rebuild.go:17.101,20.16 3 1
github.com/j33pguy/magi/internal/vcs/rebuild.go:20.16,22.3 1 1
github.com/j33pguy/magi/internal/vcs/rebuild.go:24.2,27.32 3 1
github.com/j33pguy/magi/internal/vcs/rebuild.go:27.32,28.65 1 1
github.com/j33pguy/magi/internal/vcs/rebuild.go:28.65,29.12 1 1
github.com/j33pguy/magi/internal/vcs/rebuild.go:32.3,33.17 2 1
github.com/j33pguy/magi/internal/vcs/rebuild.go:33.17,35.12 2 1
github.com/j33pguy/magi/internal/vcs/rebuild.go:38.3,39.17 2 1
github.com/j33pguy/magi/internal/vcs/rebuild.go:39.17,41.12 2 1
github.com/j33pguy/magi/internal/vcs/rebuild.go:45.3,46.17 2 1
github.com/j33pguy/magi/internal/vcs/rebuild.go:46.17,48.12 2 1
github.com/j33pguy/magi/internal/vcs/rebuild.go:50.3,57.17 5 1
github.com/j33pguy/magi/internal/vcs/rebuild.go:57.17,59.12 2 1
github.com/j33pguy/magi/internal/vcs/rebuild.go:62.3,62.20 1 1
github.com/j33pguy/magi/internal/vcs/rebuild.go:62.20,63.56 1 1
github.com/j33pguy/magi/internal/vcs/rebuild.go:63.56,65.5 1 1
github.com/j33pguy/magi/internal/vcs/rebuild.go:68.3,68.10 1 1
github.com/j33pguy/magi/internal/vcs/rebuild.go:71.2,72.12 2 1
github.com/j33pguy/magi/internal/vcs/rebuild.go:76.37,78.16 2 1
github.com/j33pguy/magi/internal/vcs/rebuild.go:78.16,80.3 1 1
github.com/j33pguy/magi/internal/vcs/rebuild.go:81.2,81.27 1 1
github.com/j33pguy/magi/internal/vcs/serialize.go:44.49,67.16 3 1
github.com/j33pguy/magi/internal/vcs/serialize.go:67.16,69.3 1 0
github.com/j33pguy/magi/internal/vcs/serialize.go:70.2,70.32 1 1
github.com/j33pguy/magi/internal/vcs/serialize.go:75.52,77.50 2 1
github.com/j33pguy/magi/internal/vcs/serialize.go:77.50,79.3 1 1
github.com/j33pguy/magi/internal/vcs/serialize.go:81.2,100.8 1 1
github.com/j33pguy/magi/internal/vcs/serialize.go:104.58,106.26 2 1
github.com/j33pguy/magi/internal/vcs/serialize.go:106.26,115.3 1 1
github.com/j33pguy/magi/internal/vcs/serialize.go:117.2,118.16 2 1
github.com/j33pguy/magi/internal/vcs/serialize.go:118.16,120.3 1 0
github.com/j33pguy/magi/internal/vcs/serialize.go:121.2,121.32 1 1
github.com/j33pguy/magi/internal/vcs/store.go:25.91,31.2 1 1
github.com/j33pguy/magi/internal/vcs/store.go:34.42,36.2 1 1
github.com/j33pguy/magi/internal/vcs/store.go:39.45,41.2 1 1
github.com/j33pguy/magi/internal/vcs/store.go:43.71,45.16 2 1
github.com/j33pguy/magi/internal/vcs/store.go:45.16,47.3 1 1
github.com/j33pguy/magi/internal/vcs/store.go:49.2,50.19 2 1
github.com/j33pguy/magi/internal/vcs/store.go:53.59,54.49 1 1
github.com/j33pguy/magi/internal/vcs/store.go:54.49,56.3 1 1
github.com/j33pguy/magi/internal/vcs/store.go:59.2,60.16 2 1
github.com/j33pguy/magi/internal/vcs/store.go:60.16,63.3 2 1
github.com/j33pguy/magi/internal/vcs/store.go:65.2,66.12 2 1
github.com/j33pguy/magi/internal/vcs/store.go:69.56,70.50 1 1
github.com/j33pguy/magi/internal/vcs/store.go:70.50,72.3 1 1
github.com/j33pguy/magi/internal/vcs/store.go:74.2,75.87 2 1
github.com/j33pguy/magi/internal/vcs/store.go:75.87,77.3 1 1
github.com/j33pguy/magi/internal/vcs/store.go:78.2,78.12 1 1
github.com/j33pguy/magi/internal/vcs/store.go:81.57,82.51 1 1
github.com/j33pguy/magi/internal/vcs/store.go:82.51,84.3 1 1
github.com/j33pguy/magi/internal/vcs/store.go:87.2,88.16 2 1
github.com/j33pguy/magi/internal/vcs/store.go:88.16,91.3 2 1
github.com/j33pguy/magi/internal/vcs/store.go:93.2,94.12 2 1
github.com/j33pguy/magi/internal/vcs/store.go:97.72,98.57 1 1
github.com/j33pguy/magi/internal/vcs/store.go:98.57,100.3 1 1
github.com/j33pguy/magi/internal/vcs/store.go:103.2,104.16 2 1
github.com/j33pguy/magi/internal/vcs/store.go:104.16,107.3 2 0
github.com/j33pguy/magi/internal/vcs/store.go:109.2,110.12 2 1
github.com/j33pguy/magi/internal/vcs/store.go:113.140,115.16 2 1
github.com/j33pguy/magi/internal/vcs/store.go:115.16,117.3 1 1
github.com/j33pguy/magi/internal/vcs/store.go:119.2,120.18 2 1
github.com/j33pguy/magi/internal/vcs/store.go:123.79,124.57 1 1
github.com/j33pguy/magi/internal/vcs/store.go:124.57,126.3 1 1
github.com/j33pguy/magi/internal/vcs/store.go:129.2,129.12 1 1
github.com/j33pguy/magi/internal/vcs/store.go:133.73,135.16 2 1
github.com/j33pguy/magi/internal/vcs/store.go:135.16,138.3 2 0
github.com/j33pguy/magi/internal/vcs/store.go:140.2,141.70 2 1
github.com/j33pguy/magi/internal/vcs/store.go:141.70,143.3 1 1
github.com/j33pguy/magi/internal/vcs/store.go:147.77,149.16 2 1
github.com/j33pguy/magi/internal/vcs/store.go:149.16,152.3 2 1
github.com/j33pguy/magi/internal/vcs/store.go:154.2,155.16 2 1
github.com/j33pguy/magi/internal/vcs/store.go:155.16,158.3 2 0
github.com/j33pguy/magi/internal/vcs/store.go:160.2,161.112 2 1
github.com/j33pguy/magi/internal/vcs/store.go:161.112,163.3 1 1
github.com/j33pguy/magi/internal/vcs/store.go:166.41,168.18 2 1
github.com/j33pguy/magi/internal/vcs/store.go:168.18,170.3 1 1
github.com/j33pguy/magi/internal/vcs/store.go:171.2,171.10 1 1
