mode: set
github.com/j33pguy/magi/internal/tools/check_contradictions.go:21.47,29.2 1 1
github.com/j33pguy/magi/internal/tools/check_contradictions.go:32.117,34.16 2 1
github.com/j33pguy/magi/internal/tools/check_contradictions.go:34.16,36.3 1 1
github.com/j33pguy/magi/internal/tools/check_contradictions.go:38.2,42.36 4 1
github.com/j33pguy/magi/internal/tools/check_contradictions.go:42.36,44.3 1 1
github.com/j33pguy/magi/internal/tools/check_contradictions.go:46.2,48.16 3 1
github.com/j33pguy/magi/internal/tools/check_contradictions.go:48.16,50.3 1 1
github.com/j33pguy/magi/internal/tools/check_contradictions.go:52.2,52.26 1 1
github.com/j33pguy/magi/internal/tools/check_contradictions.go:52.26,54.3 1 1
github.com/j33pguy/magi/internal/tools/check_contradictions.go:56.2,60.16 2 1
github.com/j33pguy/magi/internal/tools/check_contradictions.go:60.16,62.3 1 0
github.com/j33pguy/magi/internal/tools/check_contradictions.go:64.2,64.49 1 1
github.com/j33pguy/magi/internal/tools/forget.go:17.34,23.2 1 1
github.com/j33pguy/magi/internal/tools/forget.go:26.102,28.16 2 1
github.com/j33pguy/magi/internal/tools/forget.go:28.16,30.3 1 1
github.com/j33pguy/magi/internal/tools/forget.go:32.2,35.46 2 1
github.com/j33pguy/magi/internal/tools/forget.go:35.46,37.3 1 1
github.com/j33pguy/magi/internal/tools/forget.go:39.2,39.15 1 1
github.com/j33pguy/magi/internal/tools/forget.go:39.15,40.47 1 1
github.com/j33pguy/magi/internal/tools/forget.go:40.47,42.4 1 1
github.com/j33pguy/magi/internal/tools/forget.go:43.3,43.86 1 1
github.com/j33pguy/magi/internal/tools/forget.go:46.2,46.47 1 1
github.com/j33pguy/magi/internal/tools/forget.go:46.47,48.3 1 1
github.com/j33pguy/magi/internal/tools/forget.go:49.2,49.74 1 1
github.com/j33pguy/magi/internal/tools/index_session.go:22.40,30.2 1 1
github.com/j33pguy/magi/internal/tools/index_session.go:39.110,43.9 3 1
github.com/j33pguy/magi/internal/tools/index_session.go:43.9,45.3 1 1
github.com/j33pguy/magi/internal/tools/index_session.go:48.2,49.16 2 1
github.com/j33pguy/magi/internal/tools/index_session.go:49.16,51.3 1 0
github.com/j33pguy/magi/internal/tools/index_session.go:53.2,54.58 2 1
github.com/j33pguy/magi/internal/tools/index_session.go:54.58,56.3 1 1
github.com/j33pguy/magi/internal/tools/index_session.go:58.2,58.21 1 1
github.com/j33pguy/magi/internal/tools/index_session.go:58.21,60.3 1 1
github.com/j33pguy/magi/internal/tools/index_session.go:62.2,69.29 6 1
github.com/j33pguy/magi/internal/tools/index_session.go:69.29,70.44 1 1
github.com/j33pguy/magi/internal/tools/index_session.go:70.44,72.12 2 1
github.com/j33pguy/magi/internal/tools/index_session.go:76.3,78.17 3 1
github.com/j33pguy/magi/internal/tools/index_session.go:78.17,80.4 1 1
github.com/j33pguy/magi/internal/tools/index_session.go:80.9,80.30 1 1
github.com/j33pguy/magi/internal/tools/index_session.go:80.30,82.12 2 1
github.com/j33pguy/magi/internal/tools/index_session.go:85.3,86.26 2 1
github.com/j33pguy/magi/internal/tools/index_session.go:86.26,88.4 1 1
github.com/j33pguy/magi/internal/tools/index_session.go:90.3,93.25 3 1
github.com/j33pguy/magi/internal/tools/index_session.go:93.25,95.4 1 1
github.com/j33pguy/magi/internal/tools/index_session.go:97.3,98.17 2 1
github.com/j33pguy/magi/internal/tools/index_session.go:98.17,101.12 3 1
github.com/j33pguy/magi/internal/tools/index_session.go:104.3,118.17 3 1
github.com/j33pguy/magi/internal/tools/index_session.go:118.17,121.12 3 1
github.com/j33pguy/magi/internal/tools/index_session.go:124.3,125.22 2 1
github.com/j33pguy/magi/internal/tools/index_session.go:125.22,127.4 1 1
github.com/j33pguy/magi/internal/tools/index_session.go:128.3,128.19 1 1
github.com/j33pguy/magi/internal/tools/index_session.go:128.19,130.4 1 1
github.com/j33pguy/magi/internal/tools/index_session.go:131.3,131.22 1 1
github.com/j33pguy/magi/internal/tools/index_session.go:131.22,133.4 1 1
github.com/j33pguy/magi/internal/tools/index_session.go:135.3,135.54 1 1
github.com/j33pguy/magi/internal/tools/index_session.go:135.54,137.4 1 1
github.com/j33pguy/magi/internal/tools/index_session.go:139.3,139.12 1 1
github.com/j33pguy/magi/internal/tools/index_session.go:143.2,143.52 1 1
github.com/j33pguy/magi/internal/tools/index_session.go:143.52,148.32 4 1
github.com/j33pguy/magi/internal/tools/index_session.go:148.32,150.4 1 1
github.com/j33pguy/magi/internal/tools/index_session.go:151.3,153.22 3 1
github.com/j33pguy/magi/internal/tools/index_session.go:153.22,155.4 1 1
github.com/j33pguy/magi/internal/tools/index_session.go:156.3,159.32 2 1
github.com/j33pguy/magi/internal/tools/index_session.go:159.32,161.4 1 1
github.com/j33pguy/magi/internal/tools/index_session.go:163.3,166.17 3 1
github.com/j33pguy/magi/internal/tools/index_session.go:166.17,168.4 1 1
github.com/j33pguy/magi/internal/tools/index_session.go:168.9,183.18 3 1
github.com/j33pguy/magi/internal/tools/index_session.go:183.18,185.5 1 1
github.com/j33pguy/magi/internal/tools/index_session.go:185.10,187.21 2 1
github.com/j33pguy/magi/internal/tools/index_session.go:187.21,189.6 1 1
github.com/j33pguy/magi/internal/tools/index_session.go:190.5,190.56 1 1
github.com/j33pguy/magi/internal/tools/index_session.go:190.56,192.6 1 1
github.com/j33pguy/magi/internal/tools/index_session.go:197.2,197.107 1 1
github.com/j33pguy/magi/internal/tools/index_turn.go:23.37,31.2 1 1
github.com/j33pguy/magi/internal/tools/index_turn.go:34.107,36.2 1 1
github.com/j33pguy/magi/internal/tools/index_turn.go:39.41,42.2 2 1
github.com/j33pguy/magi/internal/tools/index_turn.go:45.144,47.16 2 1
github.com/j33pguy/magi/internal/tools/index_turn.go:47.16,49.3 1 1
github.com/j33pguy/magi/internal/tools/index_turn.go:51.2,52.16 2 1
github.com/j33pguy/magi/internal/tools/index_turn.go:52.16,54.3 1 1
github.com/j33pguy/magi/internal/tools/index_turn.go:56.2,62.16 5 1
github.com/j33pguy/magi/internal/tools/index_turn.go:62.16,64.3 1 1
github.com/j33pguy/magi/internal/tools/index_turn.go:64.8,64.29 1 1
github.com/j33pguy/magi/internal/tools/index_turn.go:64.29,66.3 1 1
github.com/j33pguy/magi/internal/tools/index_turn.go:69.2,70.20 2 1
github.com/j33pguy/magi/internal/tools/index_turn.go:70.20,72.3 1 1
github.com/j33pguy/magi/internal/tools/index_turn.go:75.2,79.24 3 1
github.com/j33pguy/magi/internal/tools/index_turn.go:79.24,81.3 1 1
github.com/j33pguy/magi/internal/tools/index_turn.go:84.2,85.16 2 1
github.com/j33pguy/magi/internal/tools/index_turn.go:85.16,87.3 1 1
github.com/j33pguy/magi/internal/tools/index_turn.go:89.2,103.16 3 1
github.com/j33pguy/magi/internal/tools/index_turn.go:103.16,105.3 1 1
github.com/j33pguy/magi/internal/tools/index_turn.go:108.2,109.21 2 1
github.com/j33pguy/magi/internal/tools/index_turn.go:109.21,111.3 1 1
github.com/j33pguy/magi/internal/tools/index_turn.go:112.2,112.18 1 1
github.com/j33pguy/magi/internal/tools/index_turn.go:112.18,114.3 1 1
github.com/j33pguy/magi/internal/tools/index_turn.go:115.2,115.21 1 1
github.com/j33pguy/magi/internal/tools/index_turn.go:115.21,117.3 1 1
github.com/j33pguy/magi/internal/tools/index_turn.go:119.2,119.57 1 1
github.com/j33pguy/magi/internal/tools/index_turn.go:119.57,121.3 1 1
github.com/j33pguy/magi/internal/tools/index_turn.go:123.2,123.114 1 1
github.com/j33pguy/magi/internal/tools/ingest.go:23.46,31.2 1 1
github.com/j33pguy/magi/internal/tools/ingest.go:34.116,36.16 2 1
github.com/j33pguy/magi/internal/tools/ingest.go:36.16,38.3 1 1
github.com/j33pguy/magi/internal/tools/ingest.go:40.2,45.16 5 1
github.com/j33pguy/magi/internal/tools/ingest.go:45.16,47.3 1 1
github.com/j33pguy/magi/internal/tools/ingest.go:49.2,53.16 4 1
github.com/j33pguy/magi/internal/tools/ingest.go:53.16,55.3 1 0
github.com/j33pguy/magi/internal/tools/ingest.go:57.2,57.12 1 1
github.com/j33pguy/magi/internal/tools/ingest.go:57.12,64.27 3 1
github.com/j33pguy/magi/internal/tools/ingest.go:64.27,70.4 1 1
github.com/j33pguy/magi/internal/tools/ingest.go:71.3,83.49 3 1
github.com/j33pguy/magi/internal/tools/ingest.go:86.2,88.26 3 1
github.com/j33pguy/magi/internal/tools/ingest.go:88.26,91.17 3 1
github.com/j33pguy/magi/internal/tools/ingest.go:91.17,93.12 2 1
github.com/j33pguy/magi/internal/tools/ingest.go:96.3,110.17 3 1
github.com/j33pguy/magi/internal/tools/ingest.go:110.17,112.12 2 1
github.com/j33pguy/magi/internal/tools/ingest.go:115.3,116.19 2 1
github.com/j33pguy/magi/internal/tools/ingest.go:116.19,118.4 1 1
github.com/j33pguy/magi/internal/tools/ingest.go:119.3,119.22 1 1
github.com/j33pguy/magi/internal/tools/ingest.go:119.22,121.4 1 1
github.com/j33pguy/magi/internal/tools/ingest.go:122.3,122.54 1 1
github.com/j33pguy/magi/internal/tools/ingest.go:122.54,124.4 1 1
github.com/j33pguy/magi/internal/tools/ingest.go:126.3,127.30 2 1
github.com/j33pguy/magi/internal/tools/ingest.go:130.2,133.9 1 1
github.com/j33pguy/magi/internal/tools/links.go:19.40,27.2 1 1
github.com/j33pguy/magi/internal/tools/links.go:30.110,32.16 2 1
github.com/j33pguy/magi/internal/tools/links.go:32.16,34.3 1 1
github.com/j33pguy/magi/internal/tools/links.go:35.2,36.16 2 1
github.com/j33pguy/magi/internal/tools/links.go:36.16,38.3 1 1
github.com/j33pguy/magi/internal/tools/links.go:39.2,40.16 2 1
github.com/j33pguy/magi/internal/tools/links.go:40.16,42.3 1 1
github.com/j33pguy/magi/internal/tools/links.go:44.2,47.50 2 1
github.com/j33pguy/magi/internal/tools/links.go:47.50,49.3 1 1
github.com/j33pguy/magi/internal/tools/links.go:50.2,50.48 1 1
github.com/j33pguy/magi/internal/tools/links.go:50.48,52.3 1 1
github.com/j33pguy/magi/internal/tools/links.go:54.2,55.16 2 1
github.com/j33pguy/magi/internal/tools/links.go:55.16,57.3 1 1
github.com/j33pguy/magi/internal/tools/links.go:59.2,60.48 2 1
github.com/j33pguy/magi/internal/tools/links.go:69.38,76.2 1 1
github.com/j33pguy/magi/internal/tools/links.go:84.108,86.16 2 1
github.com/j33pguy/magi/internal/tools/links.go:86.16,88.3 1 1
github.com/j33pguy/magi/internal/tools/links.go:90.2,93.16 3 1
github.com/j33pguy/magi/internal/tools/links.go:93.16,95.3 1 1
github.com/j33pguy/magi/internal/tools/links.go:99.2,102.16 3 1
github.com/j33pguy/magi/internal/tools/links.go:102.16,104.17 2 1
github.com/j33pguy/magi/internal/tools/links.go:104.17,106.4 1 1
github.com/j33pguy/magi/internal/tools/links.go:107.3,109.27 3 1
github.com/j33pguy/magi/internal/tools/links.go:109.27,111.30 2 1
github.com/j33pguy/magi/internal/tools/links.go:111.30,113.5 1 1
github.com/j33pguy/magi/internal/tools/links.go:114.4,114.25 1 1
github.com/j33pguy/magi/internal/tools/links.go:114.25,117.5 2 1
github.com/j33pguy/magi/internal/tools/links.go:119.8,121.17 2 1
github.com/j33pguy/magi/internal/tools/links.go:121.17,123.4 1 1
github.com/j33pguy/magi/internal/tools/links.go:124.3,127.17 3 1
github.com/j33pguy/magi/internal/tools/links.go:127.17,129.4 1 1
github.com/j33pguy/magi/internal/tools/links.go:130.3,130.19 1 1
github.com/j33pguy/magi/internal/tools/links.go:134.2,135.31 2 1
github.com/j33pguy/magi/internal/tools/links.go:135.31,137.17 2 1
github.com/j33pguy/magi/internal/tools/links.go:137.17,138.12 1 0
github.com/j33pguy/magi/internal/tools/links.go:141.3,142.30 2 1
github.com/j33pguy/magi/internal/tools/links.go:142.30,143.38 1 1
github.com/j33pguy/magi/internal/tools/links.go:143.38,145.5 1 1
github.com/j33pguy/magi/internal/tools/links.go:147.3,147.78 1 1
github.com/j33pguy/magi/internal/tools/links.go:150.2,151.48 2 1
github.com/j33pguy/magi/internal/tools/links.go:160.42,165.2 1 1
github.com/j33pguy/magi/internal/tools/links.go:168.112,170.16 2 1
github.com/j33pguy/magi/internal/tools/links.go:170.16,172.3 1 1
github.com/j33pguy/magi/internal/tools/links.go:174.2,174.53 1 1
github.com/j33pguy/magi/internal/tools/links.go:174.53,176.3 1 1
github.com/j33pguy/magi/internal/tools/links.go:178.2,178.75 1 1
github.com/j33pguy/magi/internal/tools/list.go:18.32,41.2 1 1
github.com/j33pguy/magi/internal/tools/list.go:44.100,46.16 2 1
github.com/j33pguy/magi/internal/tools/list.go:46.16,48.3 1 1
github.com/j33pguy/magi/internal/tools/list.go:49.2,50.16 2 1
github.com/j33pguy/magi/internal/tools/list.go:50.16,52.3 1 1
github.com/j33pguy/magi/internal/tools/list.go:54.2,68.16 3 1
github.com/j33pguy/magi/internal/tools/list.go:68.16,70.3 1 1
github.com/j33pguy/magi/internal/tools/list.go:72.2,72.24 1 1
github.com/j33pguy/magi/internal/tools/list.go:72.24,74.3 1 1
github.com/j33pguy/magi/internal/tools/list.go:77.2,77.29 1 1
github.com/j33pguy/magi/internal/tools/list.go:77.29,79.17 2 1
github.com/j33pguy/magi/internal/tools/list.go:79.17,81.4 1 1
github.com/j33pguy/magi/internal/tools/list.go:82.3,82.16 1 1
github.com/j33pguy/magi/internal/tools/list.go:85.2,86.16 2 1
github.com/j33pguy/magi/internal/tools/list.go:86.16,88.3 1 0
github.com/j33pguy/magi/internal/tools/list.go:90.2,90.51 1 1
github.com/j33pguy/magi/internal/tools/recall.go:21.34,47.2 1 1
github.com/j33pguy/magi/internal/tools/recall.go:50.104,52.16 2 1
github.com/j33pguy/magi/internal/tools/recall.go:52.16,54.3 1 1
github.com/j33pguy/magi/internal/tools/recall.go:56.2,71.16 14 1
github.com/j33pguy/magi/internal/tools/recall.go:71.16,73.3 1 1
github.com/j33pguy/magi/internal/tools/recall.go:74.2,75.16 2 1
github.com/j33pguy/magi/internal/tools/recall.go:75.16,77.3 1 1
github.com/j33pguy/magi/internal/tools/recall.go:79.2,93.16 3 1
github.com/j33pguy/magi/internal/tools/recall.go:93.16,95.3 1 1
github.com/j33pguy/magi/internal/tools/recall.go:97.2,97.28 1 1
github.com/j33pguy/magi/internal/tools/recall.go:97.28,99.21 2 1
github.com/j33pguy/magi/internal/tools/recall.go:99.21,101.4 1 0
github.com/j33pguy/magi/internal/tools/recall.go:102.3,102.41 1 1
github.com/j33pguy/magi/internal/tools/recall.go:105.2,106.16 2 1
github.com/j33pguy/magi/internal/tools/recall.go:106.16,108.3 1 0
github.com/j33pguy/magi/internal/tools/recall.go:110.2,110.51 1 1
github.com/j33pguy/magi/internal/tools/recall_conversations.go:21.47,30.2 1 1
github.com/j33pguy/magi/internal/tools/recall_conversations.go:33.117,35.16 2 1
github.com/j33pguy/magi/internal/tools/recall_conversations.go:35.16,37.3 1 1
github.com/j33pguy/magi/internal/tools/recall_conversations.go:39.2,45.19 6 1
github.com/j33pguy/magi/internal/tools/recall_conversations.go:45.19,47.3 1 1
github.com/j33pguy/magi/internal/tools/recall_conversations.go:49.2,56.16 3 1
github.com/j33pguy/magi/internal/tools/recall_conversations.go:56.16,58.3 1 1
github.com/j33pguy/magi/internal/tools/recall_conversations.go:60.2,60.28 1 1
github.com/j33pguy/magi/internal/tools/recall_conversations.go:60.28,62.21 2 1
github.com/j33pguy/magi/internal/tools/recall_conversations.go:62.21,64.4 1 0
github.com/j33pguy/magi/internal/tools/recall_conversations.go:65.3,65.41 1 1
github.com/j33pguy/magi/internal/tools/recall_conversations.go:68.2,69.16 2 1
github.com/j33pguy/magi/internal/tools/recall_conversations.go:69.16,71.3 1 0
github.com/j33pguy/magi/internal/tools/recall_conversations.go:73.2,73.51 1 1
github.com/j33pguy/magi/internal/tools/recall_incidents.go:21.43,31.2 1 1
github.com/j33pguy/magi/internal/tools/recall_incidents.go:34.113,36.16 2 1
github.com/j33pguy/magi/internal/tools/recall_incidents.go:36.16,38.3 1 1
github.com/j33pguy/magi/internal/tools/recall_incidents.go:40.2,47.16 7 1
github.com/j33pguy/magi/internal/tools/recall_incidents.go:47.16,49.3 1 1
github.com/j33pguy/magi/internal/tools/recall_incidents.go:51.2,60.16 3 1
github.com/j33pguy/magi/internal/tools/recall_incidents.go:60.16,62.3 1 1
github.com/j33pguy/magi/internal/tools/recall_incidents.go:64.2,64.23 1 1
github.com/j33pguy/magi/internal/tools/recall_incidents.go:64.23,66.3 1 1
github.com/j33pguy/magi/internal/tools/recall_incidents.go:68.2,68.33 1 1
github.com/j33pguy/magi/internal/tools/recall_incidents.go:68.33,69.35 1 1
github.com/j33pguy/magi/internal/tools/recall_incidents.go:69.35,71.18 2 1
github.com/j33pguy/magi/internal/tools/recall_incidents.go:71.18,74.5 2 1
github.com/j33pguy/magi/internal/tools/recall_incidents.go:78.2,81.16 3 1
github.com/j33pguy/magi/internal/tools/recall_incidents.go:81.16,83.3 1 0
github.com/j33pguy/magi/internal/tools/recall_incidents.go:85.2,85.51 1 1
github.com/j33pguy/magi/internal/tools/recall_lessons.go:21.41,31.2 1 1
github.com/j33pguy/magi/internal/tools/recall_lessons.go:34.111,36.16 2 1
github.com/j33pguy/magi/internal/tools/recall_lessons.go:36.16,38.3 1 1
github.com/j33pguy/magi/internal/tools/recall_lessons.go:40.2,47.16 7 1
github.com/j33pguy/magi/internal/tools/recall_lessons.go:47.16,49.3 1 1
github.com/j33pguy/magi/internal/tools/recall_lessons.go:51.2,60.16 3 1
github.com/j33pguy/magi/internal/tools/recall_lessons.go:60.16,62.3 1 1
github.com/j33pguy/magi/internal/tools/recall_lessons.go:64.2,64.23 1 1
github.com/j33pguy/magi/internal/tools/recall_lessons.go:64.23,66.3 1 1
github.com/j33pguy/magi/internal/tools/recall_lessons.go:68.2,68.33 1 1
github.com/j33pguy/magi/internal/tools/recall_lessons.go:68.33,69.35 1 1
github.com/j33pguy/magi/internal/tools/recall_lessons.go:69.35,71.18 2 1
github.com/j33pguy/magi/internal/tools/recall_lessons.go:71.18,74.5 2 1
github.com/j33pguy/magi/internal/tools/recall_lessons.go:78.2,81.16 3 1
github.com/j33pguy/magi/internal/tools/recall_lessons.go:81.16,83.3 1 0
github.com/j33pguy/magi/internal/tools/recall_lessons.go:85.2,85.51 1 1
github.com/j33pguy/magi/internal/tools/recent_conversations.go:19.47,26.2 1 1
github.com/j33pguy/magi/internal/tools/recent_conversations.go:29.115,35.19 5 1
github.com/j33pguy/magi/internal/tools/recent_conversations.go:35.19,37.3 1 1
github.com/j33pguy/magi/internal/tools/recent_conversations.go:39.2,47.20 3 1
github.com/j33pguy/magi/internal/tools/recent_conversations.go:47.20,50.17 3 1
github.com/j33pguy/magi/internal/tools/recent_conversations.go:50.17,52.4 1 1
github.com/j33pguy/magi/internal/tools/recent_conversations.go:53.3,53.27 1 1
github.com/j33pguy/magi/internal/tools/recent_conversations.go:56.2,57.16 2 1
github.com/j33pguy/magi/internal/tools/recent_conversations.go:57.16,59.3 1 1
github.com/j33pguy/magi/internal/tools/recent_conversations.go:62.2,62.29 1 1
github.com/j33pguy/magi/internal/tools/recent_conversations.go:62.29,64.17 2 1
github.com/j33pguy/magi/internal/tools/recent_conversations.go:64.17,65.12 1 1
github.com/j33pguy/magi/internal/tools/recent_conversations.go:67.3,67.16 1 1
github.com/j33pguy/magi/internal/tools/recent_conversations.go:71.2,71.25 1 1
github.com/j33pguy/magi/internal/tools/recent_conversations.go:71.25,73.30 2 1
github.com/j33pguy/magi/internal/tools/recent_conversations.go:73.30,75.18 2 1
github.com/j33pguy/magi/internal/tools/recent_conversations.go:75.18,76.13 1 1
github.com/j33pguy/magi/internal/tools/recent_conversations.go:78.4,78.60 1 0
github.com/j33pguy/magi/internal/tools/recent_conversations.go:78.60,80.5 1 0
github.com/j33pguy/magi/internal/tools/recent_conversations.go:82.3,83.28 2 1
github.com/j33pguy/magi/internal/tools/recent_conversations.go:83.28,85.4 1 0
github.com/j33pguy/magi/internal/tools/recent_conversations.go:88.2,88.24 1 1
github.com/j33pguy/magi/internal/tools/recent_conversations.go:88.24,90.3 1 1
github.com/j33pguy/magi/internal/tools/recent_conversations.go:92.2,93.16 2 1
github.com/j33pguy/magi/internal/tools/recent_conversations.go:93.16,95.3 1 0
github.com/j33pguy/magi/internal/tools/recent_conversations.go:97.2,97.51 1 1
github.com/j33pguy/magi/internal/tools/remember.go:25.36,49.2 1 1
github.com/j33pguy/magi/internal/tools/remember.go:52.106,54.16 2 1
github.com/j33pguy/magi/internal/tools/remember.go:54.16,56.3 1 1
github.com/j33pguy/magi/internal/tools/remember.go:58.2,59.16 2 1
github.com/j33pguy/magi/internal/tools/remember.go:59.16,61.3 1 1
github.com/j33pguy/magi/internal/tools/remember.go:63.2,71.33 7 1
github.com/j33pguy/magi/internal/tools/remember.go:71.33,73.17 2 1
github.com/j33pguy/magi/internal/tools/remember.go:73.17,75.4 1 1
github.com/j33pguy/magi/internal/tools/remember.go:76.3,76.20 1 1
github.com/j33pguy/magi/internal/tools/remember.go:76.20,78.4 1 1
github.com/j33pguy/magi/internal/tools/remember.go:82.2,82.54 1 1
github.com/j33pguy/magi/internal/tools/remember.go:82.54,84.3 1 1
github.com/j33pguy/magi/internal/tools/remember.go:87.2,88.16 2 1
github.com/j33pguy/magi/internal/tools/remember.go:88.16,90.3 1 1
github.com/j33pguy/magi/internal/tools/remember.go:93.2,94.46 2 1
github.com/j33pguy/magi/internal/tools/remember.go:94.46,96.3 1 1
github.com/j33pguy/magi/internal/tools/remember.go:98.2,103.16 4 1
github.com/j33pguy/magi/internal/tools/remember.go:103.16,105.3 1 1
github.com/j33pguy/magi/internal/tools/remember.go:105.8,105.58 1 1
github.com/j33pguy/magi/internal/tools/remember.go:105.58,112.3 2 1
github.com/j33pguy/magi/internal/tools/remember.go:115.2,131.18 3 1
github.com/j33pguy/magi/internal/tools/remember.go:131.18,134.3 2 1
github.com/j33pguy/magi/internal/tools/remember.go:136.2,137.16 2 1
github.com/j33pguy/magi/internal/tools/remember.go:137.16,139.3 1 1
github.com/j33pguy/magi/internal/tools/remember.go:142.2,142.19 1 1
github.com/j33pguy/magi/internal/tools/remember.go:142.19,144.3 1 1
github.com/j33pguy/magi/internal/tools/remember.go:145.2,145.16 1 1
github.com/j33pguy/magi/internal/tools/remember.go:145.16,147.3 1 1
github.com/j33pguy/magi/internal/tools/remember.go:148.2,148.19 1 1
github.com/j33pguy/magi/internal/tools/remember.go:148.19,150.3 1 1
github.com/j33pguy/magi/internal/tools/remember.go:153.2,153.19 1 1
github.com/j33pguy/magi/internal/tools/remember.go:153.19,154.54 1 1
github.com/j33pguy/magi/internal/tools/remember.go:154.54,156.4 1 1
github.com/j33pguy/magi/internal/tools/remember.go:159.2,160.27 2 1
github.com/j33pguy/magi/internal/tools/remember.go:160.27,162.3 1 1
github.com/j33pguy/magi/internal/tools/remember.go:165.2,167.17 3 1
github.com/j33pguy/magi/internal/tools/remember.go:167.17,169.3 1 1
github.com/j33pguy/magi/internal/tools/remember.go:169.8,169.32 1 1
github.com/j33pguy/magi/internal/tools/remember.go:169.32,171.32 2 1
github.com/j33pguy/magi/internal/tools/remember.go:171.32,174.4 1 1
github.com/j33pguy/magi/internal/tools/remember.go:175.3,175.105 1 1
github.com/j33pguy/magi/internal/tools/remember.go:178.2,178.40 1 1
github.com/j33pguy/magi/internal/tools/remember.go:190.43,192.37 2 1
github.com/j33pguy/magi/internal/tools/remember.go:192.37,193.31 1 1
github.com/j33pguy/magi/internal/tools/remember.go:193.31,195.4 1 1
github.com/j33pguy/magi/internal/tools/remember.go:197.2,197.20 1 1
github.com/j33pguy/magi/internal/tools/remember.go:197.20,199.3 1 1
github.com/j33pguy/magi/internal/tools/remember.go:200.2,200.11 1 1
github.com/j33pguy/magi/internal/tools/store_conversation.go:21.45,34.2 1 1
github.com/j33pguy/magi/internal/tools/store_conversation.go:37.115,39.16 2 1
github.com/j33pguy/magi/internal/tools/store_conversation.go:39.16,41.3 1 1
github.com/j33pguy/magi/internal/tools/store_conversation.go:43.2,44.16 2 1
github.com/j33pguy/magi/internal/tools/store_conversation.go:44.16,46.3 1 1
github.com/j33pguy/magi/internal/tools/store_conversation.go:48.2,59.16 10 1
github.com/j33pguy/magi/internal/tools/store_conversation.go:59.16,61.3 1 1
github.com/j33pguy/magi/internal/tools/store_conversation.go:64.2,68.16 4 1
github.com/j33pguy/magi/internal/tools/store_conversation.go:68.16,70.3 1 1
github.com/j33pguy/magi/internal/tools/store_conversation.go:70.8,70.60 1 1
github.com/j33pguy/magi/internal/tools/store_conversation.go:70.60,76.3 2 1
github.com/j33pguy/magi/internal/tools/store_conversation.go:78.2,89.18 2 1
github.com/j33pguy/magi/internal/tools/store_conversation.go:89.18,91.3 1 1
github.com/j33pguy/magi/internal/tools/store_conversation.go:93.2,94.16 2 1
github.com/j33pguy/magi/internal/tools/store_conversation.go:94.16,96.3 1 1
github.com/j33pguy/magi/internal/tools/store_conversation.go:98.2,99.31 2 1
github.com/j33pguy/magi/internal/tools/store_conversation.go:99.31,101.3 1 1
github.com/j33pguy/magi/internal/tools/store_conversation.go:102.2,102.53 1 1
github.com/j33pguy/magi/internal/tools/store_conversation.go:102.53,105.3 1 1
github.com/j33pguy/magi/internal/tools/store_conversation.go:107.2,107.125 1 1
github.com/j33pguy/magi/internal/tools/store_conversation.go:110.152,114.22 3 1
github.com/j33pguy/magi/internal/tools/store_conversation.go:114.22,116.3 1 1
github.com/j33pguy/magi/internal/tools/store_conversation.go:117.2,119.38 2 1
github.com/j33pguy/magi/internal/tools/store_conversation.go:119.38,121.3 1 1
github.com/j33pguy/magi/internal/tools/store_conversation.go:122.2,122.19 1 1
github.com/j33pguy/magi/internal/tools/store_conversation.go:122.19,124.3 1 1
github.com/j33pguy/magi/internal/tools/store_conversation.go:126.2,126.21 1 1
github.com/j33pguy/magi/internal/tools/store_conversation.go:126.21,128.3 1 1
github.com/j33pguy/magi/internal/tools/store_conversation.go:130.2,133.24 3 1
github.com/j33pguy/magi/internal/tools/store_conversation.go:133.24,135.31 2 1
github.com/j33pguy/magi/internal/tools/store_conversation.go:135.31,137.4 1 1
github.com/j33pguy/magi/internal/tools/store_conversation.go:140.2,140.26 1 1
github.com/j33pguy/magi/internal/tools/store_conversation.go:140.26,142.33 2 1
github.com/j33pguy/magi/internal/tools/store_conversation.go:142.33,144.4 1 1
github.com/j33pguy/magi/internal/tools/store_conversation.go:147.2,147.19 1 1
github.com/j33pguy/magi/internal/tools/timeparse.go:14.51,15.13 1 1
github.com/j33pguy/magi/internal/tools/timeparse.go:15.13,17.3 1 1
github.com/j33pguy/magi/internal/tools/timeparse.go:20.2,20.70 1 1
github.com/j33pguy/magi/internal/tools/timeparse.go:20.70,24.21 4 1
github.com/j33pguy/magi/internal/tools/timeparse.go:25.17,26.29 1 1
github.com/j33pguy/magi/internal/tools/timeparse.go:27.17,28.31 1 1
github.com/j33pguy/magi/internal/tools/timeparse.go:29.17,30.29 1 1
github.com/j33pguy/magi/internal/tools/timeparse.go:31.17,32.29 1 1
github.com/j33pguy/magi/internal/tools/timeparse.go:34.3,34.17 1 1
github.com/j33pguy/magi/internal/tools/timeparse.go:38.2,38.55 1 1
github.com/j33pguy/magi/internal/tools/timeparse.go:38.55,40.3 1 1
github.com/j33pguy/magi/internal/tools/timeparse.go:43.2,43.55 1 1
github.com/j33pguy/magi/internal/tools/timeparse.go:43.55,45.3 1 1
github.com/j33pguy/magi/internal/tools/timeparse.go:47.2,47.118 1 1
github.com/j33pguy/magi/internal/tools/update.go:19.34,31.2 1 1
github.com/j33pguy/magi/internal/tools/update.go:34.104,36.16 2 1
github.com/j33pguy/magi/internal/tools/update.go:36.16,38.3 1 1
github.com/j33pguy/magi/internal/tools/update.go:40.2,41.16 2 1
github.com/j33pguy/magi/internal/tools/update.go:41.16,43.3 1 1
github.com/j33pguy/magi/internal/tools/update.go:46.2,48.66 2 1
github.com/j33pguy/magi/internal/tools/update.go:48.66,54.17 4 1
github.com/j33pguy/magi/internal/tools/update.go:54.17,56.4 1 1
github.com/j33pguy/magi/internal/tools/update.go:57.3,57.33 1 1
github.com/j33pguy/magi/internal/tools/update.go:60.2,60.49 1 1
github.com/j33pguy/magi/internal/tools/update.go:60.49,62.3 1 1
github.com/j33pguy/magi/internal/tools/update.go:64.2,64.63 1 1
github.com/j33pguy/magi/internal/tools/update.go:64.63,66.3 1 1
github.com/j33pguy/magi/internal/tools/update.go:68.2,68.52 1 1
github.com/j33pguy/magi/internal/tools/update.go:68.52,70.3 1 1
github.com/j33pguy/magi/internal/tools/update.go:73.2,73.37 1 1
github.com/j33pguy/magi/internal/tools/update.go:73.37,74.43 1 1
github.com/j33pguy/magi/internal/tools/update.go:74.43,76.32 2 1
github.com/j33pguy/magi/internal/tools/update.go:76.32,78.5 1 1
github.com/j33pguy/magi/internal/tools/update.go:79.4,79.49 1 1
github.com/j33pguy/magi/internal/tools/update.go:79.49,81.5 1 1
github.com/j33pguy/magi/internal/tools/update.go:85.2,85.73 1 1
