mode: set
github.com/j33pguy/magi/internal/vcs/config.go:20.30,26.19 4 1
github.com/j33pguy/magi/internal/vcs/config.go:26.19,28.3 1 1
github.com/j33pguy/magi/internal/vcs/config.go:30.2,31.22 2 1
github.com/j33pguy/magi/internal/vcs/config.go:31.22,33.3 1 1
github.com/j33pguy/magi/internal/vcs/config.go:35.2,36.56 2 1
github.com/j33pguy/magi/internal/vcs/config.go:36.56,37.47 1 1
github.com/j33pguy/magi/internal/vcs/config.go:37.47,39.4 1 1
github.com/j33pguy/magi/internal/vcs/config.go:42.2,47.3 1 1
github.com/j33pguy/magi/internal/vcs/git.go:46.39,48.66 1 1
github.com/j33pguy/magi/internal/vcs/git.go:48.66,49.74 1 1
github.com/j33pguy/magi/internal/vcs/git.go:49.74,51.4 1 1
github.com/j33pguy/magi/internal/vcs/git.go:55.2,56.56 2 1
github.com/j33pguy/magi/internal/vcs/git.go:56.56,57.73 1 1
github.com/j33pguy/magi/internal/vcs/git.go:57.73,59.4 1 0
github.com/j33pguy/magi/internal/vcs/git.go:63.2,64.16 2 1
github.com/j33pguy/magi/internal/vcs/git.go:64.16,66.17 2 1
github.com/j33pguy/magi/internal/vcs/git.go:66.17,68.4 1 1
github.com/j33pguy/magi/internal/vcs/git.go:71.3,72.17 2 1
github.com/j33pguy/magi/internal/vcs/git.go:72.17,74.4 1 0
github.com/j33pguy/magi/internal/vcs/git.go:75.3,75.57 1 1
github.com/j33pguy/magi/internal/vcs/git.go:75.57,77.4 1 0
github.com/j33pguy/magi/internal/vcs/git.go:78.3,80.18 1 1
github.com/j33pguy/magi/internal/vcs/git.go:80.18,82.4 1 0
github.com/j33pguy/magi/internal/vcs/git.go:85.2,92.17 2 1
github.com/j33pguy/magi/internal/vcs/git.go:92.17,96.3 3 1
github.com/j33pguy/magi/internal/vcs/git.go:98.2,98.15 1 1
github.com/j33pguy/magi/internal/vcs/git.go:103.82,108.66 4 1
github.com/j33pguy/magi/internal/vcs/git.go:108.66,110.3 1 1
github.com/j33pguy/magi/internal/vcs/git.go:111.2,111.59 1 1
github.com/j33pguy/magi/internal/vcs/git.go:111.59,113.3 1 1
github.com/j33pguy/magi/internal/vcs/git.go:115.2,116.16 2 1
github.com/j33pguy/magi/internal/vcs/git.go:116.16,118.3 1 0
github.com/j33pguy/magi/internal/vcs/git.go:119.2,119.43 1 1
github.com/j33pguy/magi/internal/vcs/git.go:119.43,121.3 1 1
github.com/j33pguy/magi/internal/vcs/git.go:123.2,123.17 1 1
github.com/j33pguy/magi/internal/vcs/git.go:123.17,126.3 2 1
github.com/j33pguy/magi/internal/vcs/git.go:128.2,131.12 2 1
github.com/j33pguy/magi/internal/vcs/git.go:135.70,140.52 4 1
github.com/j33pguy/magi/internal/vcs/git.go:140.52,142.3 1 1
github.com/j33pguy/magi/internal/vcs/git.go:143.2,143.43 1 1
github.com/j33pguy/magi/internal/vcs/git.go:143.43,145.3 1 1
github.com/j33pguy/magi/internal/vcs/git.go:147.2,148.16 2 1
github.com/j33pguy/magi/internal/vcs/git.go:148.16,150.3 1 0
github.com/j33pguy/magi/internal/vcs/git.go:151.2,151.43 1 1
github.com/j33pguy/magi/internal/vcs/git.go:151.43,153.3 1 1
github.com/j33pguy/magi/internal/vcs/git.go:155.2,155.17 1 1
github.com/j33pguy/magi/internal/vcs/git.go:155.17,158.3 2 1
github.com/j33pguy/magi/internal/vcs/git.go:160.2,163.12 2 1
github.com/j33pguy/magi/internal/vcs/git.go:167.58,175.16 4 1
github.com/j33pguy/magi/internal/vcs/git.go:175.16,177.3 1 1
github.com/j33pguy/magi/internal/vcs/git.go:178.2,181.50 3 1
github.com/j33pguy/magi/internal/vcs/git.go:181.50,188.3 2 1
github.com/j33pguy/magi/internal/vcs/git.go:189.2,189.16 1 1
github.com/j33pguy/magi/internal/vcs/git.go:189.16,191.3 1 0
github.com/j33pguy/magi/internal/vcs/git.go:193.2,193.21 1 1
github.com/j33pguy/magi/internal/vcs/git.go:197.74,202.16 4 1
github.com/j33pguy/magi/internal/vcs/git.go:202.16,204.3 1 1
github.com/j33pguy/magi/internal/vcs/git.go:206.2,207.16 2 1
github.com/j33pguy/magi/internal/vcs/git.go:207.16,209.3 1 1
github.com/j33pguy/magi/internal/vcs/git.go:211.2,215.8 1 1
github.com/j33pguy/magi/internal/vcs/git.go:219.24,220.39 1 1
github.com/j33pguy/magi/internal/vcs/git.go:220.39,223.3 2 1
github.com/j33pguy/magi/internal/vcs/git.go:227.35,229.16 2 1
github.com/j33pguy/magi/internal/vcs/git.go:229.16,231.3 1 1
github.com/j33pguy/magi/internal/vcs/git.go:232.2,232.28 1 1
github.com/j33pguy/magi/internal/vcs/git.go:232.28,233.57 1 1
github.com/j33pguy/magi/internal/vcs/git.go:233.57,235.4 1 1
github.com/j33pguy/magi/internal/vcs/git.go:237.2,237.14 1 1
github.com/j33pguy/magi/internal/vcs/git.go:241.37,243.2 1 1
github.com/j33pguy/magi/internal/vcs/git.go:246.28,251.6 4 1
github.com/j33pguy/magi/internal/vcs/git.go:251.6,252.10 1 1
github.com/j33pguy/magi/internal/vcs/git.go:253.19,254.18 1 1
github.com/j33pguy/magi/internal/vcs/git.go:255.22,257.10 2 1
github.com/j33pguy/magi/internal/vcs/git.go:262.29,266.16 3 1
github.com/j33pguy/magi/internal/vcs/git.go:266.16,268.3 1 1
github.com/j33pguy/magi/internal/vcs/git.go:270.2,271.16 2 1
github.com/j33pguy/magi/internal/vcs/git.go:271.16,273.3 1 0
github.com/j33pguy/magi/internal/vcs/git.go:275.2,278.19 2 1
github.com/j33pguy/magi/internal/vcs/git.go:282.67,284.16 2 1
github.com/j33pguy/magi/internal/vcs/git.go:284.16,286.3 1 1
github.com/j33pguy/magi/internal/vcs/git.go:288.2,289.16 2 1
github.com/j33pguy/magi/internal/vcs/git.go:289.16,291.3 1 0
github.com/j33pguy/magi/internal/vcs/git.go:293.2,294.16 2 1
github.com/j33pguy/magi/internal/vcs/git.go:294.16,296.3 1 1
github.com/j33pguy/magi/internal/vcs/git.go:298.2,299.16 2 1
github.com/j33pguy/magi/internal/vcs/git.go:299.16,301.3 1 0
github.com/j33pguy/magi/internal/vcs/git.go:303.2,303.21 1 1
github.com/j33pguy/magi/internal/vcs/git.go:306.40,312.2 1 1
github.com/j33pguy/magi/internal/vcs/git.go:315.41,316.16 1 1
github.com/j33pguy/magi/internal/vcs/git.go:316.16,318.3 1 1
github.com/j33pguy/magi/internal/vcs/git.go:320.2,328.29 6 1
github.com/j33pguy/magi/internal/vcs/git.go:328.29,330.3 1 1
github.com/j33pguy/magi/internal/vcs/git.go:332.2,333.45 2 1
github.com/j33pguy/magi/internal/vcs/git.go:333.45,334.75 1 1
github.com/j33pguy/magi/internal/vcs/git.go:334.75,338.4 3 1
github.com/j33pguy/magi/internal/vcs/git.go:338.9,338.99 1 1
github.com/j33pguy/magi/internal/vcs/git.go:338.99,341.4 2 1
github.com/j33pguy/magi/internal/vcs/git.go:341.9,344.4 2 1
github.com/j33pguy/magi/internal/vcs/git.go:347.2,347.19 1 1
github.com/j33pguy/magi/internal/vcs/git.go:350.55,351.26 1 1
github.com/j33pguy/magi/internal/vcs/git.go:351.26,352.18 1 1
github.com/j33pguy/magi/internal/vcs/git.go:352.18,354.4 1 1
github.com/j33pguy/magi/internal/vcs/git.go:356.2,356.14 1 1
github.com/j33pguy/magi/internal/vcs/rebuild.go:17.101,20.16 3 1
github.com/j33pguy/magi/internal/vcs/rebuild.go:20.16,22.3 1 1
github.com/j33pguy/magi/internal/vcs/rebuild.go:24.2,27.32 3 1
github.com/j33pguy/magi/internal/vcs/rebuild.go:27.32,28.65 1 1
github.com/j33pguy/magi/internal/vcs/rebuild.go:28.65,29.12 1 1
github.com/j33pguy/magi/internal/vcs/rebuild.go:32.3,33.17 2 1
github.com/j33pguy/magi/internal/vcs/rebuild.go:33.17,35.12 2 1
github.com/j33pguy/magi/internal/vcs/rebuild.go:38.3,39.17 2 1
github.com/j33pguy/magi/internal/vcs/rebuild.go:39.17,41.12 2 1
github.com/j33pguy/magi/internal/vcs/rebuild.go:45.3,46.17 2 1
github.com/j33pguy/magi/internal/vcs/rebuild.go:46.17,48.12 2 1
github.com/j33pguy/magi/internal/vcs/rebuild.go:50.3,57.17 5 1
github.com/j33pguy/magi/internal/vcs/rebuild.go:57.17,59.12 2 1
github.com/j33pguy/magi/internal/vcs/rebuild.go:62.3,62.20 1 1
github.com/j33pguy/magi/internal/vcs/rebuild.go:62.20,63.56 1 1
github.com/j33pguy/magi/internal/vcs/rebuild.go:63.56,65.5 1 1
github.com/j33pguy/magi/internal/vcs/rebuild.go:68.3,68.10 1 1
github.com/j33pguy/magi/internal/vcs/rebuild.go:71.2,72.12 2 1
github.com/j33pguy/magi/internal/vcs/rebuild.go:76.37,78.16 2 1
github.com/j33pguy/magi/internal/vcs/rebuild.go:78.16,80.3 1 1
github.com/j33pguy/magi/internal/vcs/rebuild.go:81.2,81.27 1 1
github.com/j33pguy/magi/internal/vcs/serialize.go:44.49,67.16 3 1
github.com/j33pguy/magi/internal/vcs/serialize.go:67.16,69.3 1 0
github.com/j33pguy/magi/internal/vcs/serialize.go:70.2,70.32 1 1
github.com/j33pguy/magi/internal/vcs/serialize.go:75.52,77.50 2 1
github.com/j33pguy/magi/internal/vcs/serialize.go:77.50,79.3 1 1
github.com/j33pguy/magi/internal/vcs/serialize.go:81.2,100.8 1 1
github.com/j33pguy/magi/internal/vcs/serialize.go:104.58,106.26 2 1
github.com/j33pguy/magi/internal/vcs/serialize.go:106.26,115.3 1 1
github.com/j33pguy/magi/internal/vcs/serialize.go:117.2,118.16 2 1
github.com/j33pguy/magi/internal/vcs/serialize.go:118.16,120.3 1 0
github.com/j33pguy/magi/internal/vcs/serialize.go:121.2,121.32 1 1
github.com/j33pguy/magi/internal/vcs/store.go:25.91,31.2 1 1
github.com/j33pguy/magi/internal/vcs/store.go:34.42,36.2 1 1
github.com/j33pguy/magi/internal/vcs/store.go:39.45,41.2 1 1
github.com/j33pguy/magi/internal/vcs/store.go:43.71,45.16 2 1
github.com/j33pguy/magi/internal/vcs/store.go:45.16,47.3 1 1
github.com/j33pguy/magi/internal/vcs/store.go:49.2,50.19 2 1
github.com/j33pguy/magi/internal/vcs/store.go:53.59,54.49 1 1
github.com/j33pguy/magi/internal/vcs/store.go:54.49,56.3 1 1
github.com/j33pguy/magi/internal/vcs/store.go:59.2,60.16 2 1
github.com/j33pguy/magi/internal/vcs/store.go:60.16,63.3 2 1
github.com/j33pguy/magi/internal/vcs/store.go:65.2,66.12 2 1
github.com/j33pguy/magi/internal/vcs/store.go:69.56,70.50 1 1
github.com/j33pguy/magi/internal/vcs/store.go:70.50,72.3 1 1
github.com/j33pguy/magi/internal/vcs/store.go:74.2,75.87 2 1
github.com/j33pguy/magi/internal/vcs/store.go:75.87,77.3 1 1
github.com/j33pguy/magi/internal/vcs/store.go:78.2,78.12 1 1
github.com/j33pguy/magi/internal/vcs/store.go:81.57,82.51 1 1
github.com/j33pguy/magi/internal/vcs/store.go:82.51,84.3 1 1
github.com/j33pguy/magi/internal/vcs/store.go:87.2,88.16 2 1
github.com/j33pguy/magi/internal/vcs/store.go:88.16,91.3 2 1
github.com/j33pguy/magi/internal/vcs/store.go:93.2,94.12 2 1
github.com/j33pguy/magi/internal/vcs/store.go:97.72,98.57 1 1
github.com/j33pguy/magi/internal/vcs/store.go:98.57,100.3 1 1
github.com/j33pguy/magi/internal/vcs/store.go:103.2,104.16 2 1
github.com/j33pguy/magi/internal/vcs/store.go:104.16,107.3 2 0
github.com/j33pguy/magi/internal/vcs/store.go:109.2,110.12 2 1
github.com/j33pguy/magi/internal/vcs/store.go:113.140,115.16 2 1
github.com/j33pguy/magi/internal/vcs/store.go:115.16,117.3 1 1
github.com/j33pguy/magi/internal/vcs/store.go:119.2,120.18 2 1
github.com/j33pguy/magi/internal/vcs/store.go:123.79,124.57 1 1
github.com/j33pguy/magi/internal/vcs/store.go:124.57,126.3 1 1
github.com/j33pguy/magi/internal/vcs/store.go:129.2,129.12 1 1
github.com/j33pguy/magi/internal/vcs/store.go:133.73,135.16 2 1
github.com/j33pguy/magi/internal/vcs/store.go:135.16,138.3 2 0
github.com/j33pguy/magi/internal/vcs/store.go:140.2,141.70 2 1
github.com/j33pguy/magi/internal/vcs/store.go:141.70,143.3 1 1
github.com/j33pguy/magi/internal/vcs/store.go:147.77,149.16 2 1
github.com/j33pguy/magi/internal/vcs/store.go:149.16,152.3 2 1
github.com/j33pguy/magi/internal/vcs/store.go:154.2,155.16 2 1
github.com/j33pguy/magi/internal/vcs/store.go:155.16,158.3 2 0
github.com/j33pguy/magi/internal/vcs/store.go:160.2,161.112 2 1
github.com/j33pguy/magi/internal/vcs/store.go:161.112,163.3 1 1
github.com/j33pguy/magi/internal/vcs/store.go:166.41,168.18 2 1
github.com/j33pguy/magi/internal/vcs/store.go:168.18,170.3 1 1
github.com/j33pguy/magi/internal/vcs/store.go:171.2,171.10 1 1
